C:\USERS\JOE\DOCUMENTS\VISUAL STUDIO 2012\PROJECTS\PATHFINDING-JOSEPH_BENTLEY\JOES_SDL_FRAMEWORK\DEBUG\VC110.PDB
C:\USERS\JOE\DOCUMENTS\VISUAL STUDIO 2012\PROJECTS\PATHFINDING-JOSEPH_BENTLEY\JOES_SDL_FRAMEWORK\DEBUG\GAME.OBJ
C:\USERS\JOE\DOCUMENTS\VISUAL STUDIO 2012\PROJECTS\PATHFINDING-JOSEPH_BENTLEY\JOES_SDL_FRAMEWORK\DEBUG\LAYER.OBJ
C:\USERS\JOE\DOCUMENTS\VISUAL STUDIO 2012\PROJECTS\PATHFINDING-JOSEPH_BENTLEY\JOES_SDL_FRAMEWORK\DEBUG\MYMAIN.OBJ
C:\USERS\JOE\DOCUMENTS\VISUAL STUDIO 2012\PROJECTS\PATHFINDING-JOSEPH_BENTLEY\JOES_SDL_FRAMEWORK\DEBUG\PATHFINDER.OBJ
C:\USERS\JOE\DOCUMENTS\VISUAL STUDIO 2012\PROJECTS\PATHFINDING-JOSEPH_BENTLEY\JOES_SDL_FRAMEWORK\DEBUG\PLAYER.OBJ
C:\USERS\JOE\DOCUMENTS\VISUAL STUDIO 2012\PROJECTS\PATHFINDING-JOSEPH_BENTLEY\JOES_SDL_FRAMEWORK\DEBUG\PERSISTANTSTORAGE.OBJ
C:\USERS\JOE\DOCUMENTS\VISUAL STUDIO 2012\PROJECTS\PATHFINDING-JOSEPH_BENTLEY\JOES_SDL_FRAMEWORK\DEBUG\SCENE.OBJ
C:\USERS\JOE\DOCUMENTS\VISUAL STUDIO 2012\PROJECTS\PATHFINDING-JOSEPH_BENTLEY\JOES_SDL_FRAMEWORK\DEBUG\SCENEMANAGER.OBJ
C:\USERS\JOE\DOCUMENTS\VISUAL STUDIO 2012\PROJECTS\PATHFINDING-JOSEPH_BENTLEY\JOES_SDL_FRAMEWORK\DEBUG\BATCHDRAWER.OBJ
C:\USERS\JOE\DOCUMENTS\VISUAL STUDIO 2012\PROJECTS\PATHFINDING-JOSEPH_BENTLEY\JOES_SDL_FRAMEWORK\DEBUG\LEVEL1.OBJ
C:\USERS\JOE\DOCUMENTS\VISUAL STUDIO 2012\PROJECTS\PATHFINDING-JOSEPH_BENTLEY\DEBUG\JOES_SDL_FRAMEWORK.ILK
C:\USERS\JOE\DOCUMENTS\VISUAL STUDIO 2012\PROJECTS\PATHFINDING-JOSEPH_BENTLEY\DEBUG\JOES_SDL_FRAMEWORK.EXE
C:\USERS\JOE\DOCUMENTS\VISUAL STUDIO 2012\PROJECTS\PATHFINDING-JOSEPH_BENTLEY\DEBUG\JOES_SDL_FRAMEWORK.PDB
C:\Users\Joe\Documents\Visual Studio 2012\Projects\PathFinding-Joseph_Bentley\Joes_SDL_Framework\Debug\BatchDrawer.obj
C:\Users\Joe\Documents\Visual Studio 2012\Projects\PathFinding-Joseph_Bentley\Joes_SDL_Framework\Debug\Camera.obj
C:\Users\Joe\Documents\Visual Studio 2012\Projects\PathFinding-Joseph_Bentley\Joes_SDL_Framework\Debug\ContentManager.obj
C:\Users\Joe\Documents\Visual Studio 2012\Projects\PathFinding-Joseph_Bentley\Joes_SDL_Framework\Debug\Game.obj
C:\Users\Joe\Documents\Visual Studio 2012\Projects\PathFinding-Joseph_Bentley\Joes_SDL_Framework\Debug\IsoLayer.obj
C:\Users\Joe\Documents\Visual Studio 2012\Projects\PathFinding-Joseph_Bentley\Joes_SDL_Framework\Debug\IsometricTileEngine.obj
C:\Users\Joe\Documents\Visual Studio 2012\Projects\PathFinding-Joseph_Bentley\Joes_SDL_Framework\Debug\Keyboard.obj
C:\Users\Joe\Documents\Visual Studio 2012\Projects\PathFinding-Joseph_Bentley\Joes_SDL_Framework\Debug\Layer.obj
C:\Users\Joe\Documents\Visual Studio 2012\Projects\PathFinding-Joseph_Bentley\Joes_SDL_Framework\Debug\Level1.obj
C:\Users\Joe\Documents\Visual Studio 2012\Projects\PathFinding-Joseph_Bentley\Joes_SDL_Framework\Debug\MyMain.obj
C:\Users\Joe\Documents\Visual Studio 2012\Projects\PathFinding-Joseph_Bentley\Joes_SDL_Framework\Debug\PathFinder.obj
C:\Users\Joe\Documents\Visual Studio 2012\Projects\PathFinding-Joseph_Bentley\Joes_SDL_Framework\Debug\PersistantStorage.obj
C:\Users\Joe\Documents\Visual Studio 2012\Projects\PathFinding-Joseph_Bentley\Joes_SDL_Framework\Debug\Player.obj
C:\Users\Joe\Documents\Visual Studio 2012\Projects\PathFinding-Joseph_Bentley\Joes_SDL_Framework\Debug\Scene.obj
C:\Users\Joe\Documents\Visual Studio 2012\Projects\PathFinding-Joseph_Bentley\Joes_SDL_Framework\Debug\SceneManager.obj
C:\Users\Joe\Documents\Visual Studio 2012\Projects\PathFinding-Joseph_Bentley\Joes_SDL_Framework\Debug\Sprite.obj
C:\Users\Joe\Documents\Visual Studio 2012\Projects\PathFinding-Joseph_Bentley\Joes_SDL_Framework\Debug\Tile.obj
C:\Users\Joe\Documents\Visual Studio 2012\Projects\PathFinding-Joseph_Bentley\Joes_SDL_Framework\Debug\TileEngine.obj
C:\Users\Joe\Documents\Visual Studio 2012\Projects\PathFinding-Joseph_Bentley\Joes_SDL_Framework\Debug\tinyxml2.obj
C:\Users\Joe\Documents\Visual Studio 2012\Projects\PathFinding-Joseph_Bentley\Joes_SDL_Framework\Debug\cl.command.1.tlog
C:\Users\Joe\Documents\Visual Studio 2012\Projects\PathFinding-Joseph_Bentley\Joes_SDL_Framework\Debug\CL.read.1.tlog
C:\Users\Joe\Documents\Visual Studio 2012\Projects\PathFinding-Joseph_Bentley\Joes_SDL_Framework\Debug\CL.write.1.tlog
C:\Users\Joe\Documents\Visual Studio 2012\Projects\PathFinding-Joseph_Bentley\Joes_SDL_Framework\Debug\link-cvtres.read.1.tlog
C:\Users\Joe\Documents\Visual Studio 2012\Projects\PathFinding-Joseph_Bentley\Joes_SDL_Framework\Debug\link-cvtres.write.1.tlog
C:\Users\Joe\Documents\Visual Studio 2012\Projects\PathFinding-Joseph_Bentley\Joes_SDL_Framework\Debug\link-rc.read.1.tlog
C:\Users\Joe\Documents\Visual Studio 2012\Projects\PathFinding-Joseph_Bentley\Joes_SDL_Framework\Debug\link-rc.write.1.tlog
C:\Users\Joe\Documents\Visual Studio 2012\Projects\PathFinding-Joseph_Bentley\Joes_SDL_Framework\Debug\link.1004-cvtres.read.1.tlog
C:\Users\Joe\Documents\Visual Studio 2012\Projects\PathFinding-Joseph_Bentley\Joes_SDL_Framework\Debug\link.1004-cvtres.write.1.tlog
C:\Users\Joe\Documents\Visual Studio 2012\Projects\PathFinding-Joseph_Bentley\Joes_SDL_Framework\Debug\link.1004-rc.read.1.tlog
C:\Users\Joe\Documents\Visual Studio 2012\Projects\PathFinding-Joseph_Bentley\Joes_SDL_Framework\Debug\link.1004-rc.write.1.tlog
C:\Users\Joe\Documents\Visual Studio 2012\Projects\PathFinding-Joseph_Bentley\Joes_SDL_Framework\Debug\link.1004.read.1.tlog
C:\Users\Joe\Documents\Visual Studio 2012\Projects\PathFinding-Joseph_Bentley\Joes_SDL_Framework\Debug\link.1004.write.1.tlog
C:\Users\Joe\Documents\Visual Studio 2012\Projects\PathFinding-Joseph_Bentley\Joes_SDL_Framework\Debug\link.1392-cvtres.read.1.tlog
C:\Users\Joe\Documents\Visual Studio 2012\Projects\PathFinding-Joseph_Bentley\Joes_SDL_Framework\Debug\link.1392-cvtres.write.1.tlog
C:\Users\Joe\Documents\Visual Studio 2012\Projects\PathFinding-Joseph_Bentley\Joes_SDL_Framework\Debug\link.1392-rc.read.1.tlog
C:\Users\Joe\Documents\Visual Studio 2012\Projects\PathFinding-Joseph_Bentley\Joes_SDL_Framework\Debug\link.1392-rc.write.1.tlog
C:\Users\Joe\Documents\Visual Studio 2012\Projects\PathFinding-Joseph_Bentley\Joes_SDL_Framework\Debug\link.1392.read.1.tlog
C:\Users\Joe\Documents\Visual Studio 2012\Projects\PathFinding-Joseph_Bentley\Joes_SDL_Framework\Debug\link.1392.write.1.tlog
C:\Users\Joe\Documents\Visual Studio 2012\Projects\PathFinding-Joseph_Bentley\Joes_SDL_Framework\Debug\link.1416-cvtres.read.1.tlog
C:\Users\Joe\Documents\Visual Studio 2012\Projects\PathFinding-Joseph_Bentley\Joes_SDL_Framework\Debug\link.1416-cvtres.write.1.tlog
C:\Users\Joe\Documents\Visual Studio 2012\Projects\PathFinding-Joseph_Bentley\Joes_SDL_Framework\Debug\link.1416-rc.read.1.tlog
C:\Users\Joe\Documents\Visual Studio 2012\Projects\PathFinding-Joseph_Bentley\Joes_SDL_Framework\Debug\link.1416-rc.write.1.tlog
C:\Users\Joe\Documents\Visual Studio 2012\Projects\PathFinding-Joseph_Bentley\Joes_SDL_Framework\Debug\link.1416.read.1.tlog
C:\Users\Joe\Documents\Visual Studio 2012\Projects\PathFinding-Joseph_Bentley\Joes_SDL_Framework\Debug\link.1416.write.1.tlog
C:\Users\Joe\Documents\Visual Studio 2012\Projects\PathFinding-Joseph_Bentley\Joes_SDL_Framework\Debug\link.1996-cvtres.read.1.tlog
C:\Users\Joe\Documents\Visual Studio 2012\Projects\PathFinding-Joseph_Bentley\Joes_SDL_Framework\Debug\link.1996-cvtres.write.1.tlog
C:\Users\Joe\Documents\Visual Studio 2012\Projects\PathFinding-Joseph_Bentley\Joes_SDL_Framework\Debug\link.1996-rc.read.1.tlog
C:\Users\Joe\Documents\Visual Studio 2012\Projects\PathFinding-Joseph_Bentley\Joes_SDL_Framework\Debug\link.1996-rc.write.1.tlog
C:\Users\Joe\Documents\Visual Studio 2012\Projects\PathFinding-Joseph_Bentley\Joes_SDL_Framework\Debug\link.1996.read.1.tlog
C:\Users\Joe\Documents\Visual Studio 2012\Projects\PathFinding-Joseph_Bentley\Joes_SDL_Framework\Debug\link.1996.write.1.tlog
C:\Users\Joe\Documents\Visual Studio 2012\Projects\PathFinding-Joseph_Bentley\Joes_SDL_Framework\Debug\link.3276-cvtres.read.1.tlog
C:\Users\Joe\Documents\Visual Studio 2012\Projects\PathFinding-Joseph_Bentley\Joes_SDL_Framework\Debug\link.3276-cvtres.write.1.tlog
C:\Users\Joe\Documents\Visual Studio 2012\Projects\PathFinding-Joseph_Bentley\Joes_SDL_Framework\Debug\link.3276-rc.read.1.tlog
C:\Users\Joe\Documents\Visual Studio 2012\Projects\PathFinding-Joseph_Bentley\Joes_SDL_Framework\Debug\link.3276-rc.write.1.tlog
C:\Users\Joe\Documents\Visual Studio 2012\Projects\PathFinding-Joseph_Bentley\Joes_SDL_Framework\Debug\link.3276.read.1.tlog
C:\Users\Joe\Documents\Visual Studio 2012\Projects\PathFinding-Joseph_Bentley\Joes_SDL_Framework\Debug\link.3276.write.1.tlog
C:\Users\Joe\Documents\Visual Studio 2012\Projects\PathFinding-Joseph_Bentley\Joes_SDL_Framework\Debug\link.3448-cvtres.read.1.tlog
C:\Users\Joe\Documents\Visual Studio 2012\Projects\PathFinding-Joseph_Bentley\Joes_SDL_Framework\Debug\link.3448-cvtres.write.1.tlog
C:\Users\Joe\Documents\Visual Studio 2012\Projects\PathFinding-Joseph_Bentley\Joes_SDL_Framework\Debug\link.3448-rc.read.1.tlog
C:\Users\Joe\Documents\Visual Studio 2012\Projects\PathFinding-Joseph_Bentley\Joes_SDL_Framework\Debug\link.3448-rc.write.1.tlog
C:\Users\Joe\Documents\Visual Studio 2012\Projects\PathFinding-Joseph_Bentley\Joes_SDL_Framework\Debug\link.3448.read.1.tlog
C:\Users\Joe\Documents\Visual Studio 2012\Projects\PathFinding-Joseph_Bentley\Joes_SDL_Framework\Debug\link.3448.write.1.tlog
C:\Users\Joe\Documents\Visual Studio 2012\Projects\PathFinding-Joseph_Bentley\Joes_SDL_Framework\Debug\link.3676-cvtres.read.1.tlog
C:\Users\Joe\Documents\Visual Studio 2012\Projects\PathFinding-Joseph_Bentley\Joes_SDL_Framework\Debug\link.3676-cvtres.write.1.tlog
C:\Users\Joe\Documents\Visual Studio 2012\Projects\PathFinding-Joseph_Bentley\Joes_SDL_Framework\Debug\link.3676-rc.read.1.tlog
C:\Users\Joe\Documents\Visual Studio 2012\Projects\PathFinding-Joseph_Bentley\Joes_SDL_Framework\Debug\link.3676-rc.write.1.tlog
C:\Users\Joe\Documents\Visual Studio 2012\Projects\PathFinding-Joseph_Bentley\Joes_SDL_Framework\Debug\link.3676.read.1.tlog
C:\Users\Joe\Documents\Visual Studio 2012\Projects\PathFinding-Joseph_Bentley\Joes_SDL_Framework\Debug\link.3676.write.1.tlog
C:\Users\Joe\Documents\Visual Studio 2012\Projects\PathFinding-Joseph_Bentley\Joes_SDL_Framework\Debug\link.3704-cvtres.read.1.tlog
C:\Users\Joe\Documents\Visual Studio 2012\Projects\PathFinding-Joseph_Bentley\Joes_SDL_Framework\Debug\link.3704-cvtres.write.1.tlog
C:\Users\Joe\Documents\Visual Studio 2012\Projects\PathFinding-Joseph_Bentley\Joes_SDL_Framework\Debug\link.3704-rc.read.1.tlog
C:\Users\Joe\Documents\Visual Studio 2012\Projects\PathFinding-Joseph_Bentley\Joes_SDL_Framework\Debug\link.3704-rc.write.1.tlog
C:\Users\Joe\Documents\Visual Studio 2012\Projects\PathFinding-Joseph_Bentley\Joes_SDL_Framework\Debug\link.3704.read.1.tlog
C:\Users\Joe\Documents\Visual Studio 2012\Projects\PathFinding-Joseph_Bentley\Joes_SDL_Framework\Debug\link.3704.write.1.tlog
C:\Users\Joe\Documents\Visual Studio 2012\Projects\PathFinding-Joseph_Bentley\Joes_SDL_Framework\Debug\link.4400-cvtres.read.1.tlog
C:\Users\Joe\Documents\Visual Studio 2012\Projects\PathFinding-Joseph_Bentley\Joes_SDL_Framework\Debug\link.4400-cvtres.write.1.tlog
C:\Users\Joe\Documents\Visual Studio 2012\Projects\PathFinding-Joseph_Bentley\Joes_SDL_Framework\Debug\link.4400-rc.read.1.tlog
C:\Users\Joe\Documents\Visual Studio 2012\Projects\PathFinding-Joseph_Bentley\Joes_SDL_Framework\Debug\link.4400-rc.write.1.tlog
C:\Users\Joe\Documents\Visual Studio 2012\Projects\PathFinding-Joseph_Bentley\Joes_SDL_Framework\Debug\link.4400.read.1.tlog
C:\Users\Joe\Documents\Visual Studio 2012\Projects\PathFinding-Joseph_Bentley\Joes_SDL_Framework\Debug\link.4400.write.1.tlog
C:\Users\Joe\Documents\Visual Studio 2012\Projects\PathFinding-Joseph_Bentley\Joes_SDL_Framework\Debug\link.4424-cvtres.read.1.tlog
C:\Users\Joe\Documents\Visual Studio 2012\Projects\PathFinding-Joseph_Bentley\Joes_SDL_Framework\Debug\link.4424-cvtres.write.1.tlog
C:\Users\Joe\Documents\Visual Studio 2012\Projects\PathFinding-Joseph_Bentley\Joes_SDL_Framework\Debug\link.4424-rc.read.1.tlog
C:\Users\Joe\Documents\Visual Studio 2012\Projects\PathFinding-Joseph_Bentley\Joes_SDL_Framework\Debug\link.4424-rc.write.1.tlog
C:\Users\Joe\Documents\Visual Studio 2012\Projects\PathFinding-Joseph_Bentley\Joes_SDL_Framework\Debug\link.4424.read.1.tlog
C:\Users\Joe\Documents\Visual Studio 2012\Projects\PathFinding-Joseph_Bentley\Joes_SDL_Framework\Debug\link.4424.write.1.tlog
C:\Users\Joe\Documents\Visual Studio 2012\Projects\PathFinding-Joseph_Bentley\Joes_SDL_Framework\Debug\link.4484-cvtres.read.1.tlog
C:\Users\Joe\Documents\Visual Studio 2012\Projects\PathFinding-Joseph_Bentley\Joes_SDL_Framework\Debug\link.4484-cvtres.write.1.tlog
C:\Users\Joe\Documents\Visual Studio 2012\Projects\PathFinding-Joseph_Bentley\Joes_SDL_Framework\Debug\link.4484-rc.read.1.tlog
C:\Users\Joe\Documents\Visual Studio 2012\Projects\PathFinding-Joseph_Bentley\Joes_SDL_Framework\Debug\link.4484-rc.write.1.tlog
C:\Users\Joe\Documents\Visual Studio 2012\Projects\PathFinding-Joseph_Bentley\Joes_SDL_Framework\Debug\link.4484.read.1.tlog
C:\Users\Joe\Documents\Visual Studio 2012\Projects\PathFinding-Joseph_Bentley\Joes_SDL_Framework\Debug\link.4484.write.1.tlog
C:\Users\Joe\Documents\Visual Studio 2012\Projects\PathFinding-Joseph_Bentley\Joes_SDL_Framework\Debug\link.4728-cvtres.read.1.tlog
C:\Users\Joe\Documents\Visual Studio 2012\Projects\PathFinding-Joseph_Bentley\Joes_SDL_Framework\Debug\link.4728-cvtres.write.1.tlog
C:\Users\Joe\Documents\Visual Studio 2012\Projects\PathFinding-Joseph_Bentley\Joes_SDL_Framework\Debug\link.4728-rc.read.1.tlog
C:\Users\Joe\Documents\Visual Studio 2012\Projects\PathFinding-Joseph_Bentley\Joes_SDL_Framework\Debug\link.4728-rc.write.1.tlog
C:\Users\Joe\Documents\Visual Studio 2012\Projects\PathFinding-Joseph_Bentley\Joes_SDL_Framework\Debug\link.4728.read.1.tlog
C:\Users\Joe\Documents\Visual Studio 2012\Projects\PathFinding-Joseph_Bentley\Joes_SDL_Framework\Debug\link.4728.write.1.tlog
C:\Users\Joe\Documents\Visual Studio 2012\Projects\PathFinding-Joseph_Bentley\Joes_SDL_Framework\Debug\link.4820-cvtres.read.1.tlog
C:\Users\Joe\Documents\Visual Studio 2012\Projects\PathFinding-Joseph_Bentley\Joes_SDL_Framework\Debug\link.4820-cvtres.write.1.tlog
C:\Users\Joe\Documents\Visual Studio 2012\Projects\PathFinding-Joseph_Bentley\Joes_SDL_Framework\Debug\link.4820-rc.read.1.tlog
C:\Users\Joe\Documents\Visual Studio 2012\Projects\PathFinding-Joseph_Bentley\Joes_SDL_Framework\Debug\link.4820-rc.write.1.tlog
C:\Users\Joe\Documents\Visual Studio 2012\Projects\PathFinding-Joseph_Bentley\Joes_SDL_Framework\Debug\link.4820.read.1.tlog
C:\Users\Joe\Documents\Visual Studio 2012\Projects\PathFinding-Joseph_Bentley\Joes_SDL_Framework\Debug\link.4820.write.1.tlog
C:\Users\Joe\Documents\Visual Studio 2012\Projects\PathFinding-Joseph_Bentley\Joes_SDL_Framework\Debug\link.5164-cvtres.read.1.tlog
C:\Users\Joe\Documents\Visual Studio 2012\Projects\PathFinding-Joseph_Bentley\Joes_SDL_Framework\Debug\link.5164-cvtres.write.1.tlog
C:\Users\Joe\Documents\Visual Studio 2012\Projects\PathFinding-Joseph_Bentley\Joes_SDL_Framework\Debug\link.5164-rc.read.1.tlog
C:\Users\Joe\Documents\Visual Studio 2012\Projects\PathFinding-Joseph_Bentley\Joes_SDL_Framework\Debug\link.5164-rc.write.1.tlog
C:\Users\Joe\Documents\Visual Studio 2012\Projects\PathFinding-Joseph_Bentley\Joes_SDL_Framework\Debug\link.5164.read.1.tlog
C:\Users\Joe\Documents\Visual Studio 2012\Projects\PathFinding-Joseph_Bentley\Joes_SDL_Framework\Debug\link.5164.write.1.tlog
C:\Users\Joe\Documents\Visual Studio 2012\Projects\PathFinding-Joseph_Bentley\Joes_SDL_Framework\Debug\link.5228-cvtres.read.1.tlog
C:\Users\Joe\Documents\Visual Studio 2012\Projects\PathFinding-Joseph_Bentley\Joes_SDL_Framework\Debug\link.5228-cvtres.write.1.tlog
C:\Users\Joe\Documents\Visual Studio 2012\Projects\PathFinding-Joseph_Bentley\Joes_SDL_Framework\Debug\link.5228-rc.read.1.tlog
C:\Users\Joe\Documents\Visual Studio 2012\Projects\PathFinding-Joseph_Bentley\Joes_SDL_Framework\Debug\link.5228-rc.write.1.tlog
C:\Users\Joe\Documents\Visual Studio 2012\Projects\PathFinding-Joseph_Bentley\Joes_SDL_Framework\Debug\link.5228.read.1.tlog
C:\Users\Joe\Documents\Visual Studio 2012\Projects\PathFinding-Joseph_Bentley\Joes_SDL_Framework\Debug\link.5228.write.1.tlog
C:\Users\Joe\Documents\Visual Studio 2012\Projects\PathFinding-Joseph_Bentley\Joes_SDL_Framework\Debug\link.5300-cvtres.read.1.tlog
C:\Users\Joe\Documents\Visual Studio 2012\Projects\PathFinding-Joseph_Bentley\Joes_SDL_Framework\Debug\link.5300-cvtres.write.1.tlog
C:\Users\Joe\Documents\Visual Studio 2012\Projects\PathFinding-Joseph_Bentley\Joes_SDL_Framework\Debug\link.5300-rc.read.1.tlog
C:\Users\Joe\Documents\Visual Studio 2012\Projects\PathFinding-Joseph_Bentley\Joes_SDL_Framework\Debug\link.5300-rc.write.1.tlog
C:\Users\Joe\Documents\Visual Studio 2012\Projects\PathFinding-Joseph_Bentley\Joes_SDL_Framework\Debug\link.5300.read.1.tlog
C:\Users\Joe\Documents\Visual Studio 2012\Projects\PathFinding-Joseph_Bentley\Joes_SDL_Framework\Debug\link.5300.write.1.tlog
C:\Users\Joe\Documents\Visual Studio 2012\Projects\PathFinding-Joseph_Bentley\Joes_SDL_Framework\Debug\link.5348-cvtres.read.1.tlog
C:\Users\Joe\Documents\Visual Studio 2012\Projects\PathFinding-Joseph_Bentley\Joes_SDL_Framework\Debug\link.5348-cvtres.write.1.tlog
C:\Users\Joe\Documents\Visual Studio 2012\Projects\PathFinding-Joseph_Bentley\Joes_SDL_Framework\Debug\link.5348-rc.read.1.tlog
C:\Users\Joe\Documents\Visual Studio 2012\Projects\PathFinding-Joseph_Bentley\Joes_SDL_Framework\Debug\link.5348-rc.write.1.tlog
C:\Users\Joe\Documents\Visual Studio 2012\Projects\PathFinding-Joseph_Bentley\Joes_SDL_Framework\Debug\link.5348.read.1.tlog
C:\Users\Joe\Documents\Visual Studio 2012\Projects\PathFinding-Joseph_Bentley\Joes_SDL_Framework\Debug\link.5348.write.1.tlog
C:\Users\Joe\Documents\Visual Studio 2012\Projects\PathFinding-Joseph_Bentley\Joes_SDL_Framework\Debug\link.5372-cvtres.read.1.tlog
C:\Users\Joe\Documents\Visual Studio 2012\Projects\PathFinding-Joseph_Bentley\Joes_SDL_Framework\Debug\link.5372-cvtres.write.1.tlog
C:\Users\Joe\Documents\Visual Studio 2012\Projects\PathFinding-Joseph_Bentley\Joes_SDL_Framework\Debug\link.5372-rc.read.1.tlog
C:\Users\Joe\Documents\Visual Studio 2012\Projects\PathFinding-Joseph_Bentley\Joes_SDL_Framework\Debug\link.5372-rc.write.1.tlog
C:\Users\Joe\Documents\Visual Studio 2012\Projects\PathFinding-Joseph_Bentley\Joes_SDL_Framework\Debug\link.5372.read.1.tlog
C:\Users\Joe\Documents\Visual Studio 2012\Projects\PathFinding-Joseph_Bentley\Joes_SDL_Framework\Debug\link.5372.write.1.tlog
C:\Users\Joe\Documents\Visual Studio 2012\Projects\PathFinding-Joseph_Bentley\Joes_SDL_Framework\Debug\link.5508-cvtres.read.1.tlog
C:\Users\Joe\Documents\Visual Studio 2012\Projects\PathFinding-Joseph_Bentley\Joes_SDL_Framework\Debug\link.5508-cvtres.write.1.tlog
C:\Users\Joe\Documents\Visual Studio 2012\Projects\PathFinding-Joseph_Bentley\Joes_SDL_Framework\Debug\link.5508-rc.read.1.tlog
C:\Users\Joe\Documents\Visual Studio 2012\Projects\PathFinding-Joseph_Bentley\Joes_SDL_Framework\Debug\link.5508-rc.write.1.tlog
C:\Users\Joe\Documents\Visual Studio 2012\Projects\PathFinding-Joseph_Bentley\Joes_SDL_Framework\Debug\link.5508.read.1.tlog
C:\Users\Joe\Documents\Visual Studio 2012\Projects\PathFinding-Joseph_Bentley\Joes_SDL_Framework\Debug\link.5508.write.1.tlog
C:\Users\Joe\Documents\Visual Studio 2012\Projects\PathFinding-Joseph_Bentley\Joes_SDL_Framework\Debug\link.5520-cvtres.read.1.tlog
C:\Users\Joe\Documents\Visual Studio 2012\Projects\PathFinding-Joseph_Bentley\Joes_SDL_Framework\Debug\link.5520-cvtres.write.1.tlog
C:\Users\Joe\Documents\Visual Studio 2012\Projects\PathFinding-Joseph_Bentley\Joes_SDL_Framework\Debug\link.5520-rc.read.1.tlog
C:\Users\Joe\Documents\Visual Studio 2012\Projects\PathFinding-Joseph_Bentley\Joes_SDL_Framework\Debug\link.5520-rc.write.1.tlog
C:\Users\Joe\Documents\Visual Studio 2012\Projects\PathFinding-Joseph_Bentley\Joes_SDL_Framework\Debug\link.5520.read.1.tlog
C:\Users\Joe\Documents\Visual Studio 2012\Projects\PathFinding-Joseph_Bentley\Joes_SDL_Framework\Debug\link.5520.write.1.tlog
C:\Users\Joe\Documents\Visual Studio 2012\Projects\PathFinding-Joseph_Bentley\Joes_SDL_Framework\Debug\link.5732-cvtres.read.1.tlog
C:\Users\Joe\Documents\Visual Studio 2012\Projects\PathFinding-Joseph_Bentley\Joes_SDL_Framework\Debug\link.5732-cvtres.write.1.tlog
C:\Users\Joe\Documents\Visual Studio 2012\Projects\PathFinding-Joseph_Bentley\Joes_SDL_Framework\Debug\link.5732-rc.read.1.tlog
C:\Users\Joe\Documents\Visual Studio 2012\Projects\PathFinding-Joseph_Bentley\Joes_SDL_Framework\Debug\link.5732-rc.write.1.tlog
C:\Users\Joe\Documents\Visual Studio 2012\Projects\PathFinding-Joseph_Bentley\Joes_SDL_Framework\Debug\link.5732.read.1.tlog
C:\Users\Joe\Documents\Visual Studio 2012\Projects\PathFinding-Joseph_Bentley\Joes_SDL_Framework\Debug\link.5732.write.1.tlog
C:\Users\Joe\Documents\Visual Studio 2012\Projects\PathFinding-Joseph_Bentley\Joes_SDL_Framework\Debug\link.5800-cvtres.read.1.tlog
C:\Users\Joe\Documents\Visual Studio 2012\Projects\PathFinding-Joseph_Bentley\Joes_SDL_Framework\Debug\link.5800-cvtres.write.1.tlog
C:\Users\Joe\Documents\Visual Studio 2012\Projects\PathFinding-Joseph_Bentley\Joes_SDL_Framework\Debug\link.5800-rc.read.1.tlog
C:\Users\Joe\Documents\Visual Studio 2012\Projects\PathFinding-Joseph_Bentley\Joes_SDL_Framework\Debug\link.5800-rc.write.1.tlog
C:\Users\Joe\Documents\Visual Studio 2012\Projects\PathFinding-Joseph_Bentley\Joes_SDL_Framework\Debug\link.5800.read.1.tlog
C:\Users\Joe\Documents\Visual Studio 2012\Projects\PathFinding-Joseph_Bentley\Joes_SDL_Framework\Debug\link.5800.write.1.tlog
C:\Users\Joe\Documents\Visual Studio 2012\Projects\PathFinding-Joseph_Bentley\Joes_SDL_Framework\Debug\link.5912-cvtres.read.1.tlog
C:\Users\Joe\Documents\Visual Studio 2012\Projects\PathFinding-Joseph_Bentley\Joes_SDL_Framework\Debug\link.5912-cvtres.write.1.tlog
C:\Users\Joe\Documents\Visual Studio 2012\Projects\PathFinding-Joseph_Bentley\Joes_SDL_Framework\Debug\link.5912-rc.read.1.tlog
C:\Users\Joe\Documents\Visual Studio 2012\Projects\PathFinding-Joseph_Bentley\Joes_SDL_Framework\Debug\link.5912-rc.write.1.tlog
C:\Users\Joe\Documents\Visual Studio 2012\Projects\PathFinding-Joseph_Bentley\Joes_SDL_Framework\Debug\link.5912.read.1.tlog
C:\Users\Joe\Documents\Visual Studio 2012\Projects\PathFinding-Joseph_Bentley\Joes_SDL_Framework\Debug\link.5912.write.1.tlog
C:\Users\Joe\Documents\Visual Studio 2012\Projects\PathFinding-Joseph_Bentley\Joes_SDL_Framework\Debug\link.5932-cvtres.read.1.tlog
C:\Users\Joe\Documents\Visual Studio 2012\Projects\PathFinding-Joseph_Bentley\Joes_SDL_Framework\Debug\link.5932-cvtres.write.1.tlog
C:\Users\Joe\Documents\Visual Studio 2012\Projects\PathFinding-Joseph_Bentley\Joes_SDL_Framework\Debug\link.5932-rc.read.1.tlog
C:\Users\Joe\Documents\Visual Studio 2012\Projects\PathFinding-Joseph_Bentley\Joes_SDL_Framework\Debug\link.5932-rc.write.1.tlog
C:\Users\Joe\Documents\Visual Studio 2012\Projects\PathFinding-Joseph_Bentley\Joes_SDL_Framework\Debug\link.5932.read.1.tlog
C:\Users\Joe\Documents\Visual Studio 2012\Projects\PathFinding-Joseph_Bentley\Joes_SDL_Framework\Debug\link.5932.write.1.tlog
C:\Users\Joe\Documents\Visual Studio 2012\Projects\PathFinding-Joseph_Bentley\Joes_SDL_Framework\Debug\link.864-cvtres.read.1.tlog
C:\Users\Joe\Documents\Visual Studio 2012\Projects\PathFinding-Joseph_Bentley\Joes_SDL_Framework\Debug\link.864-cvtres.write.1.tlog
C:\Users\Joe\Documents\Visual Studio 2012\Projects\PathFinding-Joseph_Bentley\Joes_SDL_Framework\Debug\link.864-rc.read.1.tlog
C:\Users\Joe\Documents\Visual Studio 2012\Projects\PathFinding-Joseph_Bentley\Joes_SDL_Framework\Debug\link.864-rc.write.1.tlog
C:\Users\Joe\Documents\Visual Studio 2012\Projects\PathFinding-Joseph_Bentley\Joes_SDL_Framework\Debug\link.864.read.1.tlog
C:\Users\Joe\Documents\Visual Studio 2012\Projects\PathFinding-Joseph_Bentley\Joes_SDL_Framework\Debug\link.864.write.1.tlog
C:\Users\Joe\Documents\Visual Studio 2012\Projects\PathFinding-Joseph_Bentley\Joes_SDL_Framework\Debug\link.command.1.tlog
C:\Users\Joe\Documents\Visual Studio 2012\Projects\PathFinding-Joseph_Bentley\Joes_SDL_Framework\Debug\link.read.1.tlog
C:\Users\Joe\Documents\Visual Studio 2012\Projects\PathFinding-Joseph_Bentley\Joes_SDL_Framework\Debug\link.write.1.tlog
C:\Users\Joe\Documents\Visual Studio 2012\Projects\PathFinding-Joseph_Bentley\Joes_SDL_Framework\Debug\vc110.idb
C:\Users\Joe\Documents\Visual Studio 2012\Projects\PathFinding-Joseph_Bentley\Joes_SDL_Framework\Debug\vc110.pdb
C:\Users\Joe\Documents\Visual Studio 2012\Projects\PathFinding-Joseph_Bentley\Debug\Joes_SDL_Framework.pdb
C:\Users\Joe\Documents\Visual Studio 2012\Projects\PathFinding-Joseph_Bentley\Debug\Joes_SDL_Framework.exe
C:\Users\Joe\Documents\Visual Studio 2012\Projects\PathFinding-Joseph_Bentley\Debug\Joes_SDL_Framework.ilk
