C:\USERS\JOE\DOCUMENTS\VISUAL STUDIO 2012\PROJECTS\TMX_ASSIGNMENT_JOSEPH_BENTLEY - WITH PATHFINDING\JOES_SDL_FRAMEWORK\RELEASE\TINYXML2.OBJ
C:\USERS\JOE\DOCUMENTS\VISUAL STUDIO 2012\PROJECTS\TMX_ASSIGNMENT_JOSEPH_BENTLEY - WITH PATHFINDING\JOES_SDL_FRAMEWORK\RELEASE\TILEENGINE.OBJ
C:\USERS\JOE\DOCUMENTS\VISUAL STUDIO 2012\PROJECTS\TMX_ASSIGNMENT_JOSEPH_BENTLEY - WITH PATHFINDING\JOES_SDL_FRAMEWORK\RELEASE\TILE.OBJ
C:\USERS\JOE\DOCUMENTS\VISUAL STUDIO 2012\PROJECTS\TMX_ASSIGNMENT_JOSEPH_BENTLEY - WITH PATHFINDING\JOES_SDL_FRAMEWORK\RELEASE\SWAMP.OBJ
C:\USERS\JOE\DOCUMENTS\VISUAL STUDIO 2012\PROJECTS\TMX_ASSIGNMENT_JOSEPH_BENTLEY - WITH PATHFINDING\JOES_SDL_FRAMEWORK\RELEASE\SPRITE.OBJ
C:\USERS\JOE\DOCUMENTS\VISUAL STUDIO 2012\PROJECTS\TMX_ASSIGNMENT_JOSEPH_BENTLEY - WITH PATHFINDING\JOES_SDL_FRAMEWORK\RELEASE\SCENEMANAGER.OBJ
C:\USERS\JOE\DOCUMENTS\VISUAL STUDIO 2012\PROJECTS\TMX_ASSIGNMENT_JOSEPH_BENTLEY - WITH PATHFINDING\JOES_SDL_FRAMEWORK\RELEASE\SCENE.OBJ
C:\USERS\JOE\DOCUMENTS\VISUAL STUDIO 2012\PROJECTS\TMX_ASSIGNMENT_JOSEPH_BENTLEY - WITH PATHFINDING\JOES_SDL_FRAMEWORK\RELEASE\POKEMONTOWN.OBJ
C:\USERS\JOE\DOCUMENTS\VISUAL STUDIO 2012\PROJECTS\TMX_ASSIGNMENT_JOSEPH_BENTLEY - WITH PATHFINDING\JOES_SDL_FRAMEWORK\RELEASE\PLAYER.OBJ
C:\USERS\JOE\DOCUMENTS\VISUAL STUDIO 2012\PROJECTS\TMX_ASSIGNMENT_JOSEPH_BENTLEY - WITH PATHFINDING\JOES_SDL_FRAMEWORK\RELEASE\PATHFINDER.OBJ
C:\USERS\JOE\DOCUMENTS\VISUAL STUDIO 2012\PROJECTS\TMX_ASSIGNMENT_JOSEPH_BENTLEY - WITH PATHFINDING\JOES_SDL_FRAMEWORK\RELEASE\MYMAIN.OBJ
C:\USERS\JOE\DOCUMENTS\VISUAL STUDIO 2012\PROJECTS\TMX_ASSIGNMENT_JOSEPH_BENTLEY - WITH PATHFINDING\JOES_SDL_FRAMEWORK\RELEASE\LAYER.OBJ
C:\USERS\JOE\DOCUMENTS\VISUAL STUDIO 2012\PROJECTS\TMX_ASSIGNMENT_JOSEPH_BENTLEY - WITH PATHFINDING\JOES_SDL_FRAMEWORK\RELEASE\KEYBOARD.OBJ
C:\USERS\JOE\DOCUMENTS\VISUAL STUDIO 2012\PROJECTS\TMX_ASSIGNMENT_JOSEPH_BENTLEY - WITH PATHFINDING\JOES_SDL_FRAMEWORK\RELEASE\ISOMETRICTILEENGINE.OBJ
C:\USERS\JOE\DOCUMENTS\VISUAL STUDIO 2012\PROJECTS\TMX_ASSIGNMENT_JOSEPH_BENTLEY - WITH PATHFINDING\JOES_SDL_FRAMEWORK\RELEASE\ISOLAYER.OBJ
C:\USERS\JOE\DOCUMENTS\VISUAL STUDIO 2012\PROJECTS\TMX_ASSIGNMENT_JOSEPH_BENTLEY - WITH PATHFINDING\JOES_SDL_FRAMEWORK\RELEASE\GAME.OBJ
C:\USERS\JOE\DOCUMENTS\VISUAL STUDIO 2012\PROJECTS\TMX_ASSIGNMENT_JOSEPH_BENTLEY - WITH PATHFINDING\JOES_SDL_FRAMEWORK\RELEASE\DESERT.OBJ
C:\USERS\JOE\DOCUMENTS\VISUAL STUDIO 2012\PROJECTS\TMX_ASSIGNMENT_JOSEPH_BENTLEY - WITH PATHFINDING\JOES_SDL_FRAMEWORK\RELEASE\CONTENTMANAGER.OBJ
C:\USERS\JOE\DOCUMENTS\VISUAL STUDIO 2012\PROJECTS\TMX_ASSIGNMENT_JOSEPH_BENTLEY - WITH PATHFINDING\JOES_SDL_FRAMEWORK\RELEASE\CAMERA.OBJ
C:\USERS\JOE\DOCUMENTS\VISUAL STUDIO 2012\PROJECTS\TMX_ASSIGNMENT_JOSEPH_BENTLEY - WITH PATHFINDING\JOES_SDL_FRAMEWORK\RELEASE\BATCHDRAWER.OBJ
C:\USERS\JOE\DOCUMENTS\VISUAL STUDIO 2012\PROJECTS\TMX_ASSIGNMENT_JOSEPH_BENTLEY - WITH PATHFINDING\JOES_SDL_FRAMEWORK\RELEASE\BASICMAZEASTAR.OBJ
C:\USERS\JOE\DOCUMENTS\VISUAL STUDIO 2012\PROJECTS\TMX_ASSIGNMENT_JOSEPH_BENTLEY - WITH PATHFINDING\JOES_SDL_FRAMEWORK\RELEASE\VARIABLETERRAIN.OBJ
C:\USERS\JOE\DOCUMENTS\VISUAL STUDIO 2012\PROJECTS\TMX_ASSIGNMENT_JOSEPH_BENTLEY - WITH PATHFINDING\JOES_SDL_FRAMEWORK\RELEASE\VC110.PDB
C:\USERS\JOE\DOCUMENTS\VISUAL STUDIO 2012\PROJECTS\TMX_ASSIGNMENT_JOSEPH_BENTLEY - WITH PATHFINDING\RELEASE\JOES_SDL_FRAMEWORK.EXE
C:\USERS\JOE\DOCUMENTS\VISUAL STUDIO 2012\PROJECTS\TMX_ASSIGNMENT_JOSEPH_BENTLEY - WITH PATHFINDING\RELEASE\JOES_SDL_FRAMEWORK.PDB
C:\Users\Joe\Documents\Visual Studio 2012\Projects\TMX_Assignment_Joseph_Bentley - With Pathfinding\Joes_SDL_Framework\Release\BasicMazeAStar.obj
C:\Users\Joe\Documents\Visual Studio 2012\Projects\TMX_Assignment_Joseph_Bentley - With Pathfinding\Joes_SDL_Framework\Release\BatchDrawer.obj
C:\Users\Joe\Documents\Visual Studio 2012\Projects\TMX_Assignment_Joseph_Bentley - With Pathfinding\Joes_SDL_Framework\Release\Camera.obj
C:\Users\Joe\Documents\Visual Studio 2012\Projects\TMX_Assignment_Joseph_Bentley - With Pathfinding\Joes_SDL_Framework\Release\ContentManager.obj
C:\Users\Joe\Documents\Visual Studio 2012\Projects\TMX_Assignment_Joseph_Bentley - With Pathfinding\Joes_SDL_Framework\Release\Desert.obj
C:\Users\Joe\Documents\Visual Studio 2012\Projects\TMX_Assignment_Joseph_Bentley - With Pathfinding\Joes_SDL_Framework\Release\Game.obj
C:\Users\Joe\Documents\Visual Studio 2012\Projects\TMX_Assignment_Joseph_Bentley - With Pathfinding\Joes_SDL_Framework\Release\IsoLayer.obj
C:\Users\Joe\Documents\Visual Studio 2012\Projects\TMX_Assignment_Joseph_Bentley - With Pathfinding\Joes_SDL_Framework\Release\IsometricTileEngine.obj
C:\Users\Joe\Documents\Visual Studio 2012\Projects\TMX_Assignment_Joseph_Bentley - With Pathfinding\Joes_SDL_Framework\Release\Keyboard.obj
C:\Users\Joe\Documents\Visual Studio 2012\Projects\TMX_Assignment_Joseph_Bentley - With Pathfinding\Joes_SDL_Framework\Release\Layer.obj
C:\Users\Joe\Documents\Visual Studio 2012\Projects\TMX_Assignment_Joseph_Bentley - With Pathfinding\Joes_SDL_Framework\Release\MyMain.obj
C:\Users\Joe\Documents\Visual Studio 2012\Projects\TMX_Assignment_Joseph_Bentley - With Pathfinding\Joes_SDL_Framework\Release\PathFinder.obj
C:\Users\Joe\Documents\Visual Studio 2012\Projects\TMX_Assignment_Joseph_Bentley - With Pathfinding\Joes_SDL_Framework\Release\Player.obj
C:\Users\Joe\Documents\Visual Studio 2012\Projects\TMX_Assignment_Joseph_Bentley - With Pathfinding\Joes_SDL_Framework\Release\PokemonTown.obj
C:\Users\Joe\Documents\Visual Studio 2012\Projects\TMX_Assignment_Joseph_Bentley - With Pathfinding\Joes_SDL_Framework\Release\Scene.obj
C:\Users\Joe\Documents\Visual Studio 2012\Projects\TMX_Assignment_Joseph_Bentley - With Pathfinding\Joes_SDL_Framework\Release\SceneManager.obj
C:\Users\Joe\Documents\Visual Studio 2012\Projects\TMX_Assignment_Joseph_Bentley - With Pathfinding\Joes_SDL_Framework\Release\Sprite.obj
C:\Users\Joe\Documents\Visual Studio 2012\Projects\TMX_Assignment_Joseph_Bentley - With Pathfinding\Joes_SDL_Framework\Release\Swamp.obj
C:\Users\Joe\Documents\Visual Studio 2012\Projects\TMX_Assignment_Joseph_Bentley - With Pathfinding\Joes_SDL_Framework\Release\Tile.obj
C:\Users\Joe\Documents\Visual Studio 2012\Projects\TMX_Assignment_Joseph_Bentley - With Pathfinding\Joes_SDL_Framework\Release\TileEngine.obj
C:\Users\Joe\Documents\Visual Studio 2012\Projects\TMX_Assignment_Joseph_Bentley - With Pathfinding\Joes_SDL_Framework\Release\tinyxml2.obj
C:\Users\Joe\Documents\Visual Studio 2012\Projects\TMX_Assignment_Joseph_Bentley - With Pathfinding\Joes_SDL_Framework\Release\VariableTerrain.obj
C:\Users\Joe\Documents\Visual Studio 2012\Projects\TMX_Assignment_Joseph_Bentley - With Pathfinding\Joes_SDL_Framework\Release\cl.command.1.tlog
C:\Users\Joe\Documents\Visual Studio 2012\Projects\TMX_Assignment_Joseph_Bentley - With Pathfinding\Joes_SDL_Framework\Release\CL.read.1.tlog
C:\Users\Joe\Documents\Visual Studio 2012\Projects\TMX_Assignment_Joseph_Bentley - With Pathfinding\Joes_SDL_Framework\Release\CL.write.1.tlog
C:\Users\Joe\Documents\Visual Studio 2012\Projects\TMX_Assignment_Joseph_Bentley - With Pathfinding\Joes_SDL_Framework\Release\link-cvtres.read.1.tlog
C:\Users\Joe\Documents\Visual Studio 2012\Projects\TMX_Assignment_Joseph_Bentley - With Pathfinding\Joes_SDL_Framework\Release\link-cvtres.write.1.tlog
C:\Users\Joe\Documents\Visual Studio 2012\Projects\TMX_Assignment_Joseph_Bentley - With Pathfinding\Joes_SDL_Framework\Release\link-rc.read.1.tlog
C:\Users\Joe\Documents\Visual Studio 2012\Projects\TMX_Assignment_Joseph_Bentley - With Pathfinding\Joes_SDL_Framework\Release\link-rc.write.1.tlog
C:\Users\Joe\Documents\Visual Studio 2012\Projects\TMX_Assignment_Joseph_Bentley - With Pathfinding\Joes_SDL_Framework\Release\link.command.1.tlog
C:\Users\Joe\Documents\Visual Studio 2012\Projects\TMX_Assignment_Joseph_Bentley - With Pathfinding\Joes_SDL_Framework\Release\link.read.1.tlog
C:\Users\Joe\Documents\Visual Studio 2012\Projects\TMX_Assignment_Joseph_Bentley - With Pathfinding\Joes_SDL_Framework\Release\link.write.1.tlog
C:\Users\Joe\Documents\Visual Studio 2012\Projects\TMX_Assignment_Joseph_Bentley - With Pathfinding\Joes_SDL_Framework\Release\vc110.pdb
C:\Users\Joe\Documents\Visual Studio 2012\Projects\TMX_Assignment_Joseph_Bentley - With Pathfinding\Release\Joes_SDL_Framework.pdb
C:\Users\Joe\Documents\Visual Studio 2012\Projects\TMX_Assignment_Joseph_Bentley - With Pathfinding\Release\Joes_SDL_Framework.exe
